Arguments: 
  /usr/local/bin/node /usr/local/Cellar/yarn/1.17.3/libexec/bin/yarn.js start

PATH: 
  /usr/local/bin:/usr/bin:/bin:/usr/sbin:/sbin:/Applications/VMware Fusion.app/Contents/Public:/usr/local/share/dotnet:~/.dotnet/tools

Yarn version: 
  1.17.3

Node version: 
  12.6.0

Platform: 
  darwin x64

Trace: 
  SyntaxError: /Users/yingweili/Dropbox/resume/ServerSide/package.json: Unexpected token } in JSON at position 398
      at JSON.parse (<anonymous>)
      at /usr/local/Cellar/yarn/1.17.3/libexec/lib/cli.js:1625:59
      at Generator.next (<anonymous>)
      at step (/usr/local/Cellar/yarn/1.17.3/libexec/lib/cli.js:304:30)
      at /usr/local/Cellar/yarn/1.17.3/libexec/lib/cli.js:315:13

npm manifest: 
  {
    "name": "serverside",
    "version": "1.0.0",
    "description": "",
    "main": "index.js",
    "dependencies": {
      "bcryptjs": "^2.4.3",
      "body-parser": "^1.19.0",
      "express": "^4.17.1",
      "mongoose": "^5.8.3",
      "mongoose-timestamp": "^0.6.0",
      "nodemon": "^2.0.2"
    },
    "devDependencies": {},
    "scripts": {
      "start": "nodemon index.js"
    },
    "author": "",
    "license": "ISC",
  
  }

yarn manifest: 
  No manifest

Lockfile: 
  No lockfile
